  Board.cpp
Board.cpp(1): warning C4067: unexpected tokens following preprocessor directive - expected a newline
c:\users\vcharatsidis\documents\visual studio 2017\projects\sudoku\sudoku\Board.h(2): warning C4067: unexpected tokens following preprocessor directive - expected a newline
c:\users\vcharatsidis\documents\visual studio 2017\projects\sudoku\sudoku\Board.h(3): warning C4067: unexpected tokens following preprocessor directive - expected a newline
c:\users\vcharatsidis\documents\visual studio 2017\projects\sudoku\sudoku\Board.h(4): warning C4067: unexpected tokens following preprocessor directive - expected a newline
c:\users\vcharatsidis\documents\visual studio 2017\projects\sudoku\sudoku\Board.h(5): warning C4067: unexpected tokens following preprocessor directive - expected a newline
Board.cpp(2): warning C4067: unexpected tokens following preprocessor directive - expected a newline
Board.cpp(3): warning C4067: unexpected tokens following preprocessor directive - expected a newline
c:\users\vcharatsidis\documents\visual studio 2017\projects\sudoku\sudoku\Scores.h(1): warning C4067: unexpected tokens following preprocessor directive - expected a newline
Board.cpp(4): warning C4067: unexpected tokens following preprocessor directive - expected a newline
Board.cpp(5): warning C4067: unexpected tokens following preprocessor directive - expected a newline
Board.cpp(16): warning C4244: '=': conversion from 'double' to 'int', possible loss of data
  Solver.cpp
Solver.cpp(1): warning C4067: unexpected tokens following preprocessor directive - expected a newline
c:\users\vcharatsidis\documents\visual studio 2017\projects\sudoku\sudoku\Solver.h(1): warning C4067: unexpected tokens following preprocessor directive - expected a newline
c:\users\vcharatsidis\documents\visual studio 2017\projects\sudoku\sudoku\Board.h(2): warning C4067: unexpected tokens following preprocessor directive - expected a newline
c:\users\vcharatsidis\documents\visual studio 2017\projects\sudoku\sudoku\Board.h(3): warning C4067: unexpected tokens following preprocessor directive - expected a newline
c:\users\vcharatsidis\documents\visual studio 2017\projects\sudoku\sudoku\Board.h(4): warning C4067: unexpected tokens following preprocessor directive - expected a newline
c:\users\vcharatsidis\documents\visual studio 2017\projects\sudoku\sudoku\Board.h(5): warning C4067: unexpected tokens following preprocessor directive - expected a newline
Solver.cpp(2): warning C4067: unexpected tokens following preprocessor directive - expected a newline
c:\users\vcharatsidis\documents\visual studio 2017\projects\sudoku\sudoku\BoardDrawer.cpp(1): warning C4067: unexpected tokens following preprocessor directive - expected a newline
c:\users\vcharatsidis\documents\visual studio 2017\projects\sudoku\sudoku\BoardDrawer.cpp(2): warning C4067: unexpected tokens following preprocessor directive - expected a newline
c:\users\vcharatsidis\documents\visual studio 2017\projects\sudoku\sudoku\BoardDrawer.cpp(3): warning C4067: unexpected tokens following preprocessor directive - expected a newline
c:\users\vcharatsidis\documents\visual studio 2017\projects\sudoku\sudoku\BoardDrawer.cpp(4): warning C4067: unexpected tokens following preprocessor directive - expected a newline
c:\users\vcharatsidis\documents\visual studio 2017\projects\sudoku\sudoku\BoardDrawer.cpp(5): warning C4067: unexpected tokens following preprocessor directive - expected a newline
Solver.cpp(29): warning C4018: '<': signed/unsigned mismatch
  Generating code
  1 of 867 functions ( 0.1%) were compiled, the rest were copied from previous compilation.
    0 functions were new in current compilation
    1 functions had inline decision re-evaluated but remain unchanged
  Finished generating code
  Sudoku.vcxproj -> C:\Users\vcharatsidis\Documents\Visual Studio 2017\Projects\Sudoku\Release\Sudoku.exe
